[32m[2023-11-25 13:22:40 INFO][0m 
amp: false
bert: ashabrawy/gumar_aligned_msa
bert_pooling: mean
binarize: false
buckets: 32
build: false
cache: false
checkpoint: false
clip: 5.0
dev: ./data/Gulf/gumar_dev.conllu
device: '0'
dist: ddp
embed: glove-6b-100
encoder: bert
encoder_dropout: 0.1
epochs: 10
eps: 1.0e-08
feat: null
fix_len: 20
lr: 5.0e-05
lr_rate: 10
max_len: null
min_freq: 2
mix_dropout: 0.0
mlp_dropout: 0.33
mode: train
mu: 0.9
n_arc_mlp: 500
n_bert_layers: 4
n_rel_mlp: 100
nu: 0.999
partial: false
path: models/aligned_gulf.model
proj: true
punct: false
seed: 1
test: ./data/Gulf/gumar_test.conllu
threads: 16
train: ./data/patb-gumar_train.conllx
tree: true
update_steps: 4
wandb: false
warmup: 0.1
weight_decay: 0
workers: 0

[32m[2023-11-25 13:22:40 INFO][0m Building the fields
[31m[2023-11-25 13:22:43 WARNING][0m Sentence 409 is not projective. Discarding it!
[31m[2023-11-25 13:22:43 WARNING][0m Sentence 489 is not projective. Discarding it!
[31m[2023-11-25 13:22:43 WARNING][0m Sentence 581 is not projective. Discarding it!
[31m[2023-11-25 13:22:43 WARNING][0m Sentence 678 is not projective. Discarding it!
[31m[2023-11-25 13:22:43 WARNING][0m Sentence 680 is not projective. Discarding it!
[31m[2023-11-25 13:22:43 WARNING][0m Sentence 742 is not projective. Discarding it!
[31m[2023-11-25 13:22:43 WARNING][0m Sentence 784 is not projective. Discarding it!
[31m[2023-11-25 13:22:43 WARNING][0m Sentence 1084 is not projective. Discarding it!
[31m[2023-11-25 13:22:43 WARNING][0m Sentence 1123 is not projective. Discarding it!
[31m[2023-11-25 13:22:43 WARNING][0m Sentence 1149 is not projective. Discarding it!
[31m[2023-11-25 13:22:43 WARNING][0m Sentence 1192 is not projective. Discarding it!
[31m[2023-11-25 13:22:43 WARNING][0m Sentence 1288 is not projective. Discarding it!
[31m[2023-11-25 13:22:43 WARNING][0m Sentence 1360 is not projective. Discarding it!
[31m[2023-11-25 13:22:43 WARNING][0m Sentence 1370 is not projective. Discarding it!
[31m[2023-11-25 13:22:43 WARNING][0m Sentence 1412 is not projective. Discarding it!
[31m[2023-11-25 13:22:43 WARNING][0m Sentence 1445 is not projective. Discarding it!
[31m[2023-11-25 13:22:43 WARNING][0m Sentence 1489 is not projective. Discarding it!
[31m[2023-11-25 13:22:43 WARNING][0m Sentence 1497 is not projective. Discarding it!
[31m[2023-11-25 13:22:43 WARNING][0m Sentence 1507 is not projective. Discarding it!
[31m[2023-11-25 13:22:43 WARNING][0m Sentence 1579 is not projective. Discarding it!
[31m[2023-11-25 13:22:43 WARNING][0m Sentence 1629 is not projective. Discarding it!
[31m[2023-11-25 13:22:43 WARNING][0m Sentence 1686 is not projective. Discarding it!
[31m[2023-11-25 13:22:43 WARNING][0m Sentence 1753 is not projective. Discarding it!
[31m[2023-11-25 13:22:43 WARNING][0m Sentence 1761 is not projective. Discarding it!
[31m[2023-11-25 13:22:43 WARNING][0m Sentence 1770 is not projective. Discarding it!
[31m[2023-11-25 13:22:43 WARNING][0m Sentence 1818 is not projective. Discarding it!
[31m[2023-11-25 13:22:43 WARNING][0m Sentence 1935 is not projective. Discarding it!
[31m[2023-11-25 13:22:43 WARNING][0m Sentence 2026 is not projective. Discarding it!
[31m[2023-11-25 13:22:43 WARNING][0m Sentence 2094 is not projective. Discarding it!
[31m[2023-11-25 13:22:43 WARNING][0m Sentence 2153 is not projective. Discarding it!
[31m[2023-11-25 13:22:44 WARNING][0m Sentence 2454 is not projective. Discarding it!
[31m[2023-11-25 13:22:44 WARNING][0m Sentence 2821 is not projective. Discarding it!
[31m[2023-11-25 13:22:44 WARNING][0m Sentence 2897 is not projective. Discarding it!
[31m[2023-11-25 13:22:44 WARNING][0m Sentence 3089 is not projective. Discarding it!
[31m[2023-11-25 13:22:44 WARNING][0m Sentence 3089 is not projective. Discarding it!
[31m[2023-11-25 13:22:44 WARNING][0m Sentence 3158 is not projective. Discarding it!
[31m[2023-11-25 13:22:44 WARNING][0m Sentence 3231 is not projective. Discarding it!
[31m[2023-11-25 13:22:45 WARNING][0m Sentence 3862 is not projective. Discarding it!
[31m[2023-11-25 13:22:45 WARNING][0m Sentence 3862 is not projective. Discarding it!
[31m[2023-11-25 13:22:45 WARNING][0m Sentence 3954 is not projective. Discarding it!
[31m[2023-11-25 13:22:45 WARNING][0m Sentence 4262 is not projective. Discarding it!
[31m[2023-11-25 13:22:45 WARNING][0m Sentence 4276 is not projective. Discarding it!
[31m[2023-11-25 13:22:45 WARNING][0m Sentence 4737 is not projective. Discarding it!
[31m[2023-11-25 13:22:45 WARNING][0m Sentence 4742 is not projective. Discarding it!
[31m[2023-11-25 13:22:45 WARNING][0m Sentence 4757 is not projective. Discarding it!
[31m[2023-11-25 13:22:45 WARNING][0m Sentence 4824 is not projective. Discarding it!
[31m[2023-11-25 13:22:45 WARNING][0m Sentence 4824 is not projective. Discarding it!
[31m[2023-11-25 13:22:45 WARNING][0m Sentence 4852 is not projective. Discarding it!
[31m[2023-11-25 13:22:46 WARNING][0m Sentence 5183 is not projective. Discarding it!
[31m[2023-11-25 13:22:46 WARNING][0m Sentence 5269 is not projective. Discarding it!
[31m[2023-11-25 13:22:46 WARNING][0m Sentence 5376 is not projective. Discarding it!
[31m[2023-11-25 13:22:46 WARNING][0m Sentence 5410 is not projective. Discarding it!
[31m[2023-11-25 13:22:46 WARNING][0m Sentence 5488 is not projective. Discarding it!
[31m[2023-11-25 13:22:46 WARNING][0m Sentence 5954 is not projective. Discarding it!
[31m[2023-11-25 13:22:46 WARNING][0m Sentence 5994 is not projective. Discarding it!
[31m[2023-11-25 13:22:46 WARNING][0m Sentence 6232 is not projective. Discarding it!
[31m[2023-11-25 13:22:46 WARNING][0m Sentence 6349 is not projective. Discarding it!
[31m[2023-11-25 13:22:47 WARNING][0m Sentence 7466 is not projective. Discarding it!
[31m[2023-11-25 13:22:47 WARNING][0m Sentence 7657 is not projective. Discarding it!
[31m[2023-11-25 13:22:47 WARNING][0m Sentence 7679 is not projective. Discarding it!
[31m[2023-11-25 13:22:47 WARNING][0m Sentence 7827 is not projective. Discarding it!
[31m[2023-11-25 13:22:48 WARNING][0m Sentence 8355 is not projective. Discarding it!
[31m[2023-11-25 13:22:48 WARNING][0m Sentence 8396 is not projective. Discarding it!
[31m[2023-11-25 13:22:48 WARNING][0m Sentence 8431 is not projective. Discarding it!
[31m[2023-11-25 13:22:48 WARNING][0m Sentence 8747 is not projective. Discarding it!
[31m[2023-11-25 13:22:48 WARNING][0m Sentence 8932 is not projective. Discarding it!
[31m[2023-11-25 13:22:49 WARNING][0m Sentence 9717 is not projective. Discarding it!
[31m[2023-11-25 13:22:49 WARNING][0m Sentence 9763 is not projective. Discarding it!
[31m[2023-11-25 13:22:49 WARNING][0m Sentence 10154 is not projective. Discarding it!
[31m[2023-11-25 13:22:50 WARNING][0m Sentence 11111 is not projective. Discarding it!
[31m[2023-11-25 13:22:50 WARNING][0m Sentence 11184 is not projective. Discarding it!
[31m[2023-11-25 13:22:50 WARNING][0m Sentence 11243 is not projective. Discarding it!
[31m[2023-11-25 13:22:50 WARNING][0m Sentence 11255 is not projective. Discarding it!
[31m[2023-11-25 13:22:50 WARNING][0m Sentence 11675 is not projective. Discarding it!
[31m[2023-11-25 13:22:50 WARNING][0m Sentence 11678 is not projective. Discarding it!
[31m[2023-11-25 13:22:50 WARNING][0m Sentence 11776 is not projective. Discarding it!
[31m[2023-11-25 13:22:50 WARNING][0m Sentence 11867 is not projective. Discarding it!
[31m[2023-11-25 13:22:50 WARNING][0m Sentence 11922 is not projective. Discarding it!
[31m[2023-11-25 13:22:50 WARNING][0m Sentence 11986 is not projective. Discarding it!
[31m[2023-11-25 13:22:50 WARNING][0m Sentence 12041 is not projective. Discarding it!
[31m[2023-11-25 13:22:51 WARNING][0m Sentence 12403 is not projective. Discarding it!
[31m[2023-11-25 13:22:51 WARNING][0m Sentence 12435 is not projective. Discarding it!
[31m[2023-11-25 13:22:51 WARNING][0m Sentence 12453 is not projective. Discarding it!
[31m[2023-11-25 13:22:51 WARNING][0m Sentence 12920 is not projective. Discarding it!
[31m[2023-11-25 13:22:51 WARNING][0m Sentence 12945 is not projective. Discarding it!
[31m[2023-11-25 13:22:51 WARNING][0m Sentence 13238 is not projective. Discarding it!
[31m[2023-11-25 13:22:51 WARNING][0m Sentence 13351 is not projective. Discarding it!
[31m[2023-11-25 13:22:51 WARNING][0m Sentence 13352 is not projective. Discarding it!
[31m[2023-11-25 13:22:51 WARNING][0m Sentence 13386 is not projective. Discarding it!
[31m[2023-11-25 13:22:51 WARNING][0m Sentence 13514 is not projective. Discarding it!
[31m[2023-11-25 13:22:51 WARNING][0m Sentence 13567 is not projective. Discarding it!
[31m[2023-11-25 13:22:51 WARNING][0m Sentence 13708 is not projective. Discarding it!
[31m[2023-11-25 13:22:52 WARNING][0m Sentence 13855 is not projective. Discarding it!
[31m[2023-11-25 13:22:52 WARNING][0m Sentence 13952 is not projective. Discarding it!
[31m[2023-11-25 13:22:52 WARNING][0m Sentence 14119 is not projective. Discarding it!
[31m[2023-11-25 13:22:52 WARNING][0m Sentence 14170 is not projective. Discarding it!
[31m[2023-11-25 13:22:52 WARNING][0m Sentence 14265 is not projective. Discarding it!
[31m[2023-11-25 13:22:52 WARNING][0m Sentence 14309 is not projective. Discarding it!
[31m[2023-11-25 13:22:52 WARNING][0m Sentence 14869 is not projective. Discarding it!
[31m[2023-11-25 13:22:52 WARNING][0m Sentence 14938 is not projective. Discarding it!
[31m[2023-11-25 13:22:53 WARNING][0m Sentence 15869 is not projective. Discarding it!
[31m[2023-11-25 13:22:53 WARNING][0m Sentence 15917 is not projective. Discarding it!
[31m[2023-11-25 13:22:53 WARNING][0m Sentence 16072 is not projective. Discarding it!
[31m[2023-11-25 13:22:54 WARNING][0m Sentence 16105 is not projective. Discarding it!
[31m[2023-11-25 13:22:54 WARNING][0m Sentence 16290 is not projective. Discarding it!
[31m[2023-11-25 13:22:54 WARNING][0m Sentence 16355 is not projective. Discarding it!
[31m[2023-11-25 13:22:54 WARNING][0m Sentence 16367 is not projective. Discarding it!
[31m[2023-11-25 13:22:55 WARNING][0m Sentence 16609 is not projective. Discarding it!
[31m[2023-11-25 13:22:55 WARNING][0m Sentence 16611 is not projective. Discarding it!
[31m[2023-11-25 13:22:55 WARNING][0m Sentence 16646 is not projective. Discarding it!
[31m[2023-11-25 13:22:55 WARNING][0m Sentence 16649 is not projective. Discarding it!
[31m[2023-11-25 13:22:55 WARNING][0m Sentence 16649 is not projective. Discarding it!
[31m[2023-11-25 13:22:55 WARNING][0m Sentence 16753 is not projective. Discarding it!
[31m[2023-11-25 13:22:55 WARNING][0m Sentence 16757 is not projective. Discarding it!
[31m[2023-11-25 13:22:55 WARNING][0m Sentence 16767 is not projective. Discarding it!
[31m[2023-11-25 13:22:56 WARNING][0m Sentence 17064 is not projective. Discarding it!
[31m[2023-11-25 13:22:56 WARNING][0m Sentence 17320 is not projective. Discarding it!
[31m[2023-11-25 13:22:57 WARNING][0m Sentence 17593 is not projective. Discarding it!
[31m[2023-11-25 13:22:57 WARNING][0m Sentence 17713 is not projective. Discarding it!
[31m[2023-11-25 13:22:57 WARNING][0m Sentence 17825 is not projective. Discarding it!
[31m[2023-11-25 13:22:57 WARNING][0m Sentence 17849 is not projective. Discarding it!
[32m[2023-11-25 13:22:57 INFO][0m CoNLL(
 (words): SubwordField(vocab_size=30000, pad=[PAD], unk=[UNK], bos=[CLS])
 (texts): RawField()
 (arcs): Field(bos=<bos>, use_vocab=False)
 (rels): Field(vocab_size=9, bos=<bos>)
)
[32m[2023-11-25 13:22:57 INFO][0m Building the model
[32m[2023-11-25 13:23:17 INFO][0m BiaffineDependencyModel(
  (encoder): TransformerEmbedding(ashabrawy/gumar_aligned_msa, n_layers=4, n_out=768, stride=256, pooling=mean, pad_index=0, finetune=True)
  (encoder_dropout): Dropout(p=0.1, inplace=False)
  (arc_mlp_d): MLP(n_in=768, n_out=500, dropout=0.33)
  (arc_mlp_h): MLP(n_in=768, n_out=500, dropout=0.33)
  (rel_mlp_d): MLP(n_in=768, n_out=100, dropout=0.33)
  (rel_mlp_h): MLP(n_in=768, n_out=100, dropout=0.33)
  (arc_attn): Biaffine(n_in=500, bias_x=True)
  (rel_attn): Biaffine(n_in=100, n_out=9, bias_x=True, bias_y=True)
  (criterion): CrossEntropyLoss()
)

[32m[2023-11-25 13:23:18 INFO][0m Loading the data
[31m[2023-11-25 13:23:18 WARNING][0m Sentence 409 is not projective. Discarding it!
[31m[2023-11-25 13:23:19 WARNING][0m Sentence 489 is not projective. Discarding it!
[31m[2023-11-25 13:23:19 WARNING][0m Sentence 581 is not projective. Discarding it!
[31m[2023-11-25 13:23:19 WARNING][0m Sentence 678 is not projective. Discarding it!
[31m[2023-11-25 13:23:19 WARNING][0m Sentence 680 is not projective. Discarding it!
[31m[2023-11-25 13:23:19 WARNING][0m Sentence 742 is not projective. Discarding it!
[31m[2023-11-25 13:23:19 WARNING][0m Sentence 784 is not projective. Discarding it!
[31m[2023-11-25 13:23:19 WARNING][0m Sentence 1084 is not projective. Discarding it!
[31m[2023-11-25 13:23:19 WARNING][0m Sentence 1123 is not projective. Discarding it!
[31m[2023-11-25 13:23:19 WARNING][0m Sentence 1149 is not projective. Discarding it!
[31m[2023-11-25 13:23:19 WARNING][0m Sentence 1192 is not projective. Discarding it!
[31m[2023-11-25 13:23:19 WARNING][0m Sentence 1288 is not projective. Discarding it!
[31m[2023-11-25 13:23:19 WARNING][0m Sentence 1360 is not projective. Discarding it!
[31m[2023-11-25 13:23:19 WARNING][0m Sentence 1370 is not projective. Discarding it!
[31m[2023-11-25 13:23:19 WARNING][0m Sentence 1412 is not projective. Discarding it!
[31m[2023-11-25 13:23:19 WARNING][0m Sentence 1445 is not projective. Discarding it!
[31m[2023-11-25 13:23:19 WARNING][0m Sentence 1489 is not projective. Discarding it!
[31m[2023-11-25 13:23:19 WARNING][0m Sentence 1497 is not projective. Discarding it!
[31m[2023-11-25 13:23:19 WARNING][0m Sentence 1507 is not projective. Discarding it!
[31m[2023-11-25 13:23:19 WARNING][0m Sentence 1579 is not projective. Discarding it!
[31m[2023-11-25 13:23:19 WARNING][0m Sentence 1629 is not projective. Discarding it!
[31m[2023-11-25 13:23:19 WARNING][0m Sentence 1686 is not projective. Discarding it!
[31m[2023-11-25 13:23:19 WARNING][0m Sentence 1753 is not projective. Discarding it!
[31m[2023-11-25 13:23:19 WARNING][0m Sentence 1761 is not projective. Discarding it!
[31m[2023-11-25 13:23:19 WARNING][0m Sentence 1770 is not projective. Discarding it!
[31m[2023-11-25 13:23:19 WARNING][0m Sentence 1818 is not projective. Discarding it!
[31m[2023-11-25 13:23:19 WARNING][0m Sentence 1935 is not projective. Discarding it!
[31m[2023-11-25 13:23:19 WARNING][0m Sentence 2026 is not projective. Discarding it!
[31m[2023-11-25 13:23:19 WARNING][0m Sentence 2094 is not projective. Discarding it!
[31m[2023-11-25 13:23:19 WARNING][0m Sentence 2153 is not projective. Discarding it!
[31m[2023-11-25 13:23:19 WARNING][0m Sentence 2454 is not projective. Discarding it!
[31m[2023-11-25 13:23:19 WARNING][0m Sentence 2821 is not projective. Discarding it!
[31m[2023-11-25 13:23:19 WARNING][0m Sentence 2897 is not projective. Discarding it!
[31m[2023-11-25 13:23:19 WARNING][0m Sentence 3089 is not projective. Discarding it!
[31m[2023-11-25 13:23:19 WARNING][0m Sentence 3089 is not projective. Discarding it!
[31m[2023-11-25 13:23:19 WARNING][0m Sentence 3158 is not projective. Discarding it!
[31m[2023-11-25 13:23:19 WARNING][0m Sentence 3231 is not projective. Discarding it!
[31m[2023-11-25 13:23:20 WARNING][0m Sentence 3862 is not projective. Discarding it!
[31m[2023-11-25 13:23:20 WARNING][0m Sentence 3862 is not projective. Discarding it!
[31m[2023-11-25 13:23:20 WARNING][0m Sentence 3954 is not projective. Discarding it!
[31m[2023-11-25 13:23:20 WARNING][0m Sentence 4262 is not projective. Discarding it!
[31m[2023-11-25 13:23:20 WARNING][0m Sentence 4276 is not projective. Discarding it!
[31m[2023-11-25 13:23:20 WARNING][0m Sentence 4737 is not projective. Discarding it!
[31m[2023-11-25 13:23:20 WARNING][0m Sentence 4742 is not projective. Discarding it!
[31m[2023-11-25 13:23:20 WARNING][0m Sentence 4757 is not projective. Discarding it!
[31m[2023-11-25 13:23:21 WARNING][0m Sentence 4824 is not projective. Discarding it!
[31m[2023-11-25 13:23:21 WARNING][0m Sentence 4824 is not projective. Discarding it!
[31m[2023-11-25 13:23:21 WARNING][0m Sentence 4852 is not projective. Discarding it!
[31m[2023-11-25 13:23:21 WARNING][0m Sentence 5183 is not projective. Discarding it!
[31m[2023-11-25 13:23:21 WARNING][0m Sentence 5269 is not projective. Discarding it!
[31m[2023-11-25 13:23:21 WARNING][0m Sentence 5376 is not projective. Discarding it!
[31m[2023-11-25 13:23:21 WARNING][0m Sentence 5410 is not projective. Discarding it!
[31m[2023-11-25 13:23:21 WARNING][0m Sentence 5488 is not projective. Discarding it!
[31m[2023-11-25 13:23:21 WARNING][0m Sentence 5954 is not projective. Discarding it!
[31m[2023-11-25 13:23:21 WARNING][0m Sentence 5994 is not projective. Discarding it!
[31m[2023-11-25 13:23:22 WARNING][0m Sentence 6232 is not projective. Discarding it!
[31m[2023-11-25 13:23:22 WARNING][0m Sentence 6349 is not projective. Discarding it!
[31m[2023-11-25 13:23:22 WARNING][0m Sentence 7466 is not projective. Discarding it!
[31m[2023-11-25 13:23:22 WARNING][0m Sentence 7657 is not projective. Discarding it!
[31m[2023-11-25 13:23:23 WARNING][0m Sentence 7679 is not projective. Discarding it!
[31m[2023-11-25 13:23:23 WARNING][0m Sentence 7827 is not projective. Discarding it!
[31m[2023-11-25 13:23:23 WARNING][0m Sentence 8355 is not projective. Discarding it!
[31m[2023-11-25 13:23:23 WARNING][0m Sentence 8396 is not projective. Discarding it!
[31m[2023-11-25 13:23:23 WARNING][0m Sentence 8431 is not projective. Discarding it!
[31m[2023-11-25 13:23:23 WARNING][0m Sentence 8747 is not projective. Discarding it!
[31m[2023-11-25 13:23:23 WARNING][0m Sentence 8932 is not projective. Discarding it!
[31m[2023-11-25 13:23:24 WARNING][0m Sentence 9717 is not projective. Discarding it!
[31m[2023-11-25 13:23:24 WARNING][0m Sentence 9763 is not projective. Discarding it!
[31m[2023-11-25 13:23:24 WARNING][0m Sentence 10154 is not projective. Discarding it!
[31m[2023-11-25 13:23:25 WARNING][0m Sentence 11111 is not projective. Discarding it!
[31m[2023-11-25 13:23:25 WARNING][0m Sentence 11184 is not projective. Discarding it!
[31m[2023-11-25 13:23:25 WARNING][0m Sentence 11243 is not projective. Discarding it!
[31m[2023-11-25 13:23:25 WARNING][0m Sentence 11255 is not projective. Discarding it!
[31m[2023-11-25 13:23:25 WARNING][0m Sentence 11675 is not projective. Discarding it!
[31m[2023-11-25 13:23:25 WARNING][0m Sentence 11678 is not projective. Discarding it!
[31m[2023-11-25 13:23:25 WARNING][0m Sentence 11776 is not projective. Discarding it!
[31m[2023-11-25 13:23:25 WARNING][0m Sentence 11867 is not projective. Discarding it!
[31m[2023-11-25 13:23:25 WARNING][0m Sentence 11922 is not projective. Discarding it!
[31m[2023-11-25 13:23:25 WARNING][0m Sentence 11986 is not projective. Discarding it!
[31m[2023-11-25 13:23:25 WARNING][0m Sentence 12041 is not projective. Discarding it!
[31m[2023-11-25 13:23:26 WARNING][0m Sentence 12403 is not projective. Discarding it!
[31m[2023-11-25 13:23:26 WARNING][0m Sentence 12435 is not projective. Discarding it!
[31m[2023-11-25 13:23:26 WARNING][0m Sentence 12453 is not projective. Discarding it!
[31m[2023-11-25 13:23:26 WARNING][0m Sentence 12920 is not projective. Discarding it!
[31m[2023-11-25 13:23:26 WARNING][0m Sentence 12945 is not projective. Discarding it!
[31m[2023-11-25 13:23:26 WARNING][0m Sentence 13238 is not projective. Discarding it!
[31m[2023-11-25 13:23:26 WARNING][0m Sentence 13351 is not projective. Discarding it!
[31m[2023-11-25 13:23:26 WARNING][0m Sentence 13352 is not projective. Discarding it!
[31m[2023-11-25 13:23:26 WARNING][0m Sentence 13386 is not projective. Discarding it!
[31m[2023-11-25 13:23:26 WARNING][0m Sentence 13514 is not projective. Discarding it!
[31m[2023-11-25 13:23:26 WARNING][0m Sentence 13567 is not projective. Discarding it!
[31m[2023-11-25 13:23:27 WARNING][0m Sentence 13708 is not projective. Discarding it!
[31m[2023-11-25 13:23:27 WARNING][0m Sentence 13855 is not projective. Discarding it!
[31m[2023-11-25 13:23:27 WARNING][0m Sentence 13952 is not projective. Discarding it!
[31m[2023-11-25 13:23:27 WARNING][0m Sentence 14119 is not projective. Discarding it!
[31m[2023-11-25 13:23:27 WARNING][0m Sentence 14170 is not projective. Discarding it!
[31m[2023-11-25 13:23:27 WARNING][0m Sentence 14265 is not projective. Discarding it!
[31m[2023-11-25 13:23:27 WARNING][0m Sentence 14309 is not projective. Discarding it!
[31m[2023-11-25 13:23:27 WARNING][0m Sentence 14869 is not projective. Discarding it!
[31m[2023-11-25 13:23:27 WARNING][0m Sentence 14938 is not projective. Discarding it!
[31m[2023-11-25 13:23:28 WARNING][0m Sentence 15869 is not projective. Discarding it!
[31m[2023-11-25 13:23:28 WARNING][0m Sentence 15917 is not projective. Discarding it!
[31m[2023-11-25 13:23:29 WARNING][0m Sentence 16072 is not projective. Discarding it!
[31m[2023-11-25 13:23:29 WARNING][0m Sentence 16105 is not projective. Discarding it!
[31m[2023-11-25 13:23:29 WARNING][0m Sentence 16290 is not projective. Discarding it!
[31m[2023-11-25 13:23:29 WARNING][0m Sentence 16355 is not projective. Discarding it!
[31m[2023-11-25 13:23:29 WARNING][0m Sentence 16367 is not projective. Discarding it!
[31m[2023-11-25 13:23:30 WARNING][0m Sentence 16609 is not projective. Discarding it!
[31m[2023-11-25 13:23:30 WARNING][0m Sentence 16611 is not projective. Discarding it!
[31m[2023-11-25 13:23:30 WARNING][0m Sentence 16646 is not projective. Discarding it!
[31m[2023-11-25 13:23:30 WARNING][0m Sentence 16649 is not projective. Discarding it!
[31m[2023-11-25 13:23:30 WARNING][0m Sentence 16649 is not projective. Discarding it!
[31m[2023-11-25 13:23:30 WARNING][0m Sentence 16753 is not projective. Discarding it!
[31m[2023-11-25 13:23:30 WARNING][0m Sentence 16757 is not projective. Discarding it!
[31m[2023-11-25 13:23:30 WARNING][0m Sentence 16767 is not projective. Discarding it!
[31m[2023-11-25 13:23:31 WARNING][0m Sentence 17064 is not projective. Discarding it!
[31m[2023-11-25 13:23:31 WARNING][0m Sentence 17320 is not projective. Discarding it!
[31m[2023-11-25 13:23:32 WARNING][0m Sentence 17593 is not projective. Discarding it!
[31m[2023-11-25 13:23:32 WARNING][0m Sentence 17713 is not projective. Discarding it!
[31m[2023-11-25 13:23:32 WARNING][0m Sentence 17825 is not projective. Discarding it!
[31m[2023-11-25 13:23:32 WARNING][0m Sentence 17849 is not projective. Discarding it!
[32m[2023-11-25 13:23:32 INFO][0m Caching the data to /tmpdata/tmpejqrelqm/data.pt
[31m[2023-11-25 13:23:32 WARNING][0m Sentence 409 is not projective. Discarding it!
[31m[2023-11-25 13:23:33 WARNING][0m Sentence 489 is not projective. Discarding it!
[31m[2023-11-25 13:23:33 WARNING][0m Sentence 581 is not projective. Discarding it!
[31m[2023-11-25 13:23:33 WARNING][0m Sentence 678 is not projective. Discarding it!
[31m[2023-11-25 13:23:33 WARNING][0m Sentence 680 is not projective. Discarding it!
[31m[2023-11-25 13:23:33 WARNING][0m Sentence 742 is not projective. Discarding it!
[31m[2023-11-25 13:23:33 WARNING][0m Sentence 784 is not projective. Discarding it!
[31m[2023-11-25 13:23:33 WARNING][0m Sentence 1084 is not projective. Discarding it!
[31m[2023-11-25 13:23:33 WARNING][0m Sentence 1123 is not projective. Discarding it!
[31m[2023-11-25 13:23:33 WARNING][0m Sentence 1149 is not projective. Discarding it!
[31m[2023-11-25 13:23:33 WARNING][0m Sentence 1192 is not projective. Discarding it!
[31m[2023-11-25 13:23:33 WARNING][0m Sentence 1288 is not projective. Discarding it!
[31m[2023-11-25 13:23:33 WARNING][0m Sentence 1360 is not projective. Discarding it!
[31m[2023-11-25 13:23:33 WARNING][0m Sentence 1370 is not projective. Discarding it!
[31m[2023-11-25 13:23:33 WARNING][0m Sentence 1412 is not projective. Discarding it!
[31m[2023-11-25 13:23:33 WARNING][0m Sentence 1445 is not projective. Discarding it!
[31m[2023-11-25 13:23:33 WARNING][0m Sentence 1489 is not projective. Discarding it!
[31m[2023-11-25 13:23:33 WARNING][0m Sentence 1497 is not projective. Discarding it!
[31m[2023-11-25 13:23:33 WARNING][0m Sentence 1507 is not projective. Discarding it!
[31m[2023-11-25 13:23:33 WARNING][0m Sentence 1579 is not projective. Discarding it!
[31m[2023-11-25 13:23:33 WARNING][0m Sentence 1629 is not projective. Discarding it!
[31m[2023-11-25 13:23:33 WARNING][0m Sentence 1686 is not projective. Discarding it!
[31m[2023-11-25 13:23:33 WARNING][0m Sentence 1753 is not projective. Discarding it!
[31m[2023-11-25 13:23:33 WARNING][0m Sentence 1761 is not projective. Discarding it!
[31m[2023-11-25 13:23:33 WARNING][0m Sentence 1770 is not projective. Discarding it!
[31m[2023-11-25 13:23:33 WARNING][0m Sentence 1818 is not projective. Discarding it!
[31m[2023-11-25 13:23:33 WARNING][0m Sentence 1935 is not projective. Discarding it!
[31m[2023-11-25 13:23:33 WARNING][0m Sentence 2026 is not projective. Discarding it!
[31m[2023-11-25 13:23:33 WARNING][0m Sentence 2094 is not projective. Discarding it!
[31m[2023-11-25 13:23:33 WARNING][0m Sentence 2153 is not projective. Discarding it!
[31m[2023-11-25 13:23:33 WARNING][0m Sentence 2454 is not projective. Discarding it!
[31m[2023-11-25 13:23:33 WARNING][0m Sentence 2821 is not projective. Discarding it!
[31m[2023-11-25 13:23:33 WARNING][0m Sentence 2897 is not projective. Discarding it!
[31m[2023-11-25 13:23:33 WARNING][0m Sentence 3089 is not projective. Discarding it!
[31m[2023-11-25 13:23:33 WARNING][0m Sentence 3089 is not projective. Discarding it!
[31m[2023-11-25 13:23:34 WARNING][0m Sentence 3158 is not projective. Discarding it!
[31m[2023-11-25 13:23:34 WARNING][0m Sentence 3231 is not projective. Discarding it!
[31m[2023-11-25 13:23:34 WARNING][0m Sentence 3862 is not projective. Discarding it!
[31m[2023-11-25 13:23:34 WARNING][0m Sentence 3862 is not projective. Discarding it!
[31m[2023-11-25 13:23:34 WARNING][0m Sentence 3954 is not projective. Discarding it!
[31m[2023-11-25 13:23:34 WARNING][0m Sentence 4262 is not projective. Discarding it!
[31m[2023-11-25 13:23:34 WARNING][0m Sentence 4276 is not projective. Discarding it!
[31m[2023-11-25 13:23:35 WARNING][0m Sentence 4737 is not projective. Discarding it!
[31m[2023-11-25 13:23:35 WARNING][0m Sentence 4742 is not projective. Discarding it!
[31m[2023-11-25 13:23:35 WARNING][0m Sentence 4757 is not projective. Discarding it!
[31m[2023-11-25 13:23:35 WARNING][0m Sentence 4824 is not projective. Discarding it!
[31m[2023-11-25 13:23:35 WARNING][0m Sentence 4824 is not projective. Discarding it!
[31m[2023-11-25 13:23:35 WARNING][0m Sentence 4852 is not projective. Discarding it!
[31m[2023-11-25 13:23:35 WARNING][0m Sentence 5183 is not projective. Discarding it!
[31m[2023-11-25 13:23:35 WARNING][0m Sentence 5269 is not projective. Discarding it!
[31m[2023-11-25 13:23:35 WARNING][0m Sentence 5376 is not projective. Discarding it!
[31m[2023-11-25 13:23:35 WARNING][0m Sentence 5410 is not projective. Discarding it!
[31m[2023-11-25 13:23:35 WARNING][0m Sentence 5488 is not projective. Discarding it!
[31m[2023-11-25 13:23:36 WARNING][0m Sentence 5954 is not projective. Discarding it!
[31m[2023-11-25 13:23:36 WARNING][0m Sentence 5994 is not projective. Discarding it!
[31m[2023-11-25 13:23:36 WARNING][0m Sentence 6232 is not projective. Discarding it!
[31m[2023-11-25 13:23:36 WARNING][0m Sentence 6349 is not projective. Discarding it!
[31m[2023-11-25 13:23:37 WARNING][0m Sentence 7466 is not projective. Discarding it!
[31m[2023-11-25 13:23:37 WARNING][0m Sentence 7657 is not projective. Discarding it!
[31m[2023-11-25 13:23:37 WARNING][0m Sentence 7679 is not projective. Discarding it!
[31m[2023-11-25 13:23:37 WARNING][0m Sentence 7827 is not projective. Discarding it!
[31m[2023-11-25 13:23:38 WARNING][0m Sentence 8355 is not projective. Discarding it!
[31m[2023-11-25 13:23:38 WARNING][0m Sentence 8396 is not projective. Discarding it!
[31m[2023-11-25 13:23:38 WARNING][0m Sentence 8431 is not projective. Discarding it!
[31m[2023-11-25 13:23:38 WARNING][0m Sentence 8747 is not projective. Discarding it!
[31m[2023-11-25 13:23:38 WARNING][0m Sentence 8932 is not projective. Discarding it!
[31m[2023-11-25 13:23:39 WARNING][0m Sentence 9717 is not projective. Discarding it!
[31m[2023-11-25 13:23:39 WARNING][0m Sentence 9763 is not projective. Discarding it!
[31m[2023-11-25 13:23:39 WARNING][0m Sentence 10154 is not projective. Discarding it!
[31m[2023-11-25 13:23:40 WARNING][0m Sentence 11111 is not projective. Discarding it!
[31m[2023-11-25 13:23:40 WARNING][0m Sentence 11184 is not projective. Discarding it!
[31m[2023-11-25 13:23:40 WARNING][0m Sentence 11243 is not projective. Discarding it!
[31m[2023-11-25 13:23:40 WARNING][0m Sentence 11255 is not projective. Discarding it!
[31m[2023-11-25 13:23:40 WARNING][0m Sentence 11675 is not projective. Discarding it!
[31m[2023-11-25 13:23:40 WARNING][0m Sentence 11678 is not projective. Discarding it!
[31m[2023-11-25 13:23:40 WARNING][0m Sentence 11776 is not projective. Discarding it!
[31m[2023-11-25 13:23:40 WARNING][0m Sentence 11867 is not projective. Discarding it!
[31m[2023-11-25 13:23:40 WARNING][0m Sentence 11922 is not projective. Discarding it!
[31m[2023-11-25 13:23:40 WARNING][0m Sentence 11986 is not projective. Discarding it!
[31m[2023-11-25 13:23:40 WARNING][0m Sentence 12041 is not projective. Discarding it!
[31m[2023-11-25 13:23:41 WARNING][0m Sentence 12403 is not projective. Discarding it!
[31m[2023-11-25 13:23:41 WARNING][0m Sentence 12435 is not projective. Discarding it!
[31m[2023-11-25 13:23:41 WARNING][0m Sentence 12453 is not projective. Discarding it!
[31m[2023-11-25 13:23:41 WARNING][0m Sentence 12920 is not projective. Discarding it!
[31m[2023-11-25 13:23:41 WARNING][0m Sentence 12945 is not projective. Discarding it!
[31m[2023-11-25 13:23:41 WARNING][0m Sentence 13238 is not projective. Discarding it!
[31m[2023-11-25 13:23:41 WARNING][0m Sentence 13351 is not projective. Discarding it!
[31m[2023-11-25 13:23:41 WARNING][0m Sentence 13352 is not projective. Discarding it!
[31m[2023-11-25 13:23:41 WARNING][0m Sentence 13386 is not projective. Discarding it!
[31m[2023-11-25 13:23:42 WARNING][0m Sentence 13514 is not projective. Discarding it!
[31m[2023-11-25 13:23:42 WARNING][0m Sentence 13567 is not projective. Discarding it!
[31m[2023-11-25 13:23:42 WARNING][0m Sentence 13708 is not projective. Discarding it!
[31m[2023-11-25 13:23:42 WARNING][0m Sentence 13855 is not projective. Discarding it!
[31m[2023-11-25 13:23:42 WARNING][0m Sentence 13952 is not projective. Discarding it!
[31m[2023-11-25 13:23:42 WARNING][0m Sentence 14119 is not projective. Discarding it!
[31m[2023-11-25 13:23:42 WARNING][0m Sentence 14170 is not projective. Discarding it!
[31m[2023-11-25 13:23:42 WARNING][0m Sentence 14265 is not projective. Discarding it!
[31m[2023-11-25 13:23:42 WARNING][0m Sentence 14309 is not projective. Discarding it!
[31m[2023-11-25 13:23:42 WARNING][0m Sentence 14869 is not projective. Discarding it!
[31m[2023-11-25 13:23:43 WARNING][0m Sentence 14938 is not projective. Discarding it!
[31m[2023-11-25 13:23:43 WARNING][0m Sentence 15869 is not projective. Discarding it!
[31m[2023-11-25 13:23:44 WARNING][0m Sentence 15917 is not projective. Discarding it!
[31m[2023-11-25 13:23:44 WARNING][0m Sentence 16072 is not projective. Discarding it!
[31m[2023-11-25 13:23:44 WARNING][0m Sentence 16105 is not projective. Discarding it!
[31m[2023-11-25 13:23:45 WARNING][0m Sentence 16290 is not projective. Discarding it!
[31m[2023-11-25 13:23:45 WARNING][0m Sentence 16355 is not projective. Discarding it!
[31m[2023-11-25 13:23:45 WARNING][0m Sentence 16367 is not projective. Discarding it!
[31m[2023-11-25 13:23:45 WARNING][0m Sentence 16609 is not projective. Discarding it!
[31m[2023-11-25 13:23:45 WARNING][0m Sentence 16611 is not projective. Discarding it!
[31m[2023-11-25 13:23:45 WARNING][0m Sentence 16646 is not projective. Discarding it!
[31m[2023-11-25 13:23:45 WARNING][0m Sentence 16649 is not projective. Discarding it!
[31m[2023-11-25 13:23:45 WARNING][0m Sentence 16649 is not projective. Discarding it!
[31m[2023-11-25 13:23:45 WARNING][0m Sentence 16753 is not projective. Discarding it!
[31m[2023-11-25 13:23:46 WARNING][0m Sentence 16757 is not projective. Discarding it!
[31m[2023-11-25 13:23:46 WARNING][0m Sentence 16767 is not projective. Discarding it!
[31m[2023-11-25 13:23:46 WARNING][0m Sentence 17064 is not projective. Discarding it!
[31m[2023-11-25 13:23:47 WARNING][0m Sentence 17320 is not projective. Discarding it!
[31m[2023-11-25 13:23:47 WARNING][0m Sentence 17593 is not projective. Discarding it!
[31m[2023-11-25 13:23:48 WARNING][0m Sentence 17713 is not projective. Discarding it!
[31m[2023-11-25 13:23:48 WARNING][0m Sentence 17825 is not projective. Discarding it!
[31m[2023-11-25 13:23:48 WARNING][0m Sentence 17849 is not projective. Discarding it!
[31m[2023-11-25 13:24:42 WARNING][0m Sentence 3 is not projective. Discarding it!
[31m[2023-11-25 13:24:42 WARNING][0m Sentence 42 is not projective. Discarding it!
[31m[2023-11-25 13:24:42 WARNING][0m Sentence 49 is not projective. Discarding it!
[31m[2023-11-25 13:24:42 WARNING][0m Sentence 122 is not projective. Discarding it!
[31m[2023-11-25 13:24:42 WARNING][0m Sentence 199 is not projective. Discarding it!
[31m[2023-11-25 13:24:42 WARNING][0m Sentence 199 is not projective. Discarding it!
[31m[2023-11-25 13:24:42 WARNING][0m Sentence 203 is not projective. Discarding it!
[31m[2023-11-25 13:24:42 WARNING][0m Sentence 212 is not projective. Discarding it!
[31m[2023-11-25 13:24:42 WARNING][0m Sentence 216 is not projective. Discarding it!
[31m[2023-11-25 13:24:42 WARNING][0m Sentence 255 is not projective. Discarding it!
[31m[2023-11-25 13:24:42 WARNING][0m Sentence 272 is not projective. Discarding it!
[32m[2023-11-25 13:24:42 INFO][0m Caching the data to /tmpdata/tmpr2io5t6s/data.pt
[31m[2023-11-25 13:24:42 WARNING][0m Sentence 3 is not projective. Discarding it!
[31m[2023-11-25 13:24:42 WARNING][0m Sentence 42 is not projective. Discarding it!
[31m[2023-11-25 13:24:42 WARNING][0m Sentence 49 is not projective. Discarding it!
[31m[2023-11-25 13:24:42 WARNING][0m Sentence 122 is not projective. Discarding it!
[31m[2023-11-25 13:24:42 WARNING][0m Sentence 199 is not projective. Discarding it!
[31m[2023-11-25 13:24:42 WARNING][0m Sentence 199 is not projective. Discarding it!
[31m[2023-11-25 13:24:42 WARNING][0m Sentence 203 is not projective. Discarding it!
[31m[2023-11-25 13:24:42 WARNING][0m Sentence 212 is not projective. Discarding it!
[31m[2023-11-25 13:24:42 WARNING][0m Sentence 216 is not projective. Discarding it!
[31m[2023-11-25 13:24:42 WARNING][0m Sentence 255 is not projective. Discarding it!
[31m[2023-11-25 13:24:42 WARNING][0m Sentence 272 is not projective. Discarding it!
[32m[2023-11-25 13:24:44 INFO][0m train: Dataset(n_sentences=17858, n_batches=497, n_buckets=32)
[31m[2023-11-25 13:24:44 WARNING][0m Sentence 68 is not projective. Discarding it!
[31m[2023-11-25 13:24:44 WARNING][0m Sentence 96 is not projective. Discarding it!
[31m[2023-11-25 13:24:44 WARNING][0m Sentence 177 is not projective. Discarding it!
[31m[2023-11-25 13:24:44 WARNING][0m Sentence 305 is not projective. Discarding it!
[31m[2023-11-25 13:24:44 WARNING][0m Sentence 330 is not projective. Discarding it!
[32m[2023-11-25 13:24:44 INFO][0m Caching the data to /tmpdata/tmpf7kdjtjw/data.pt
[31m[2023-11-25 13:24:44 WARNING][0m Sentence 68 is not projective. Discarding it!
[31m[2023-11-25 13:24:44 WARNING][0m Sentence 96 is not projective. Discarding it!
[31m[2023-11-25 13:24:44 WARNING][0m Sentence 177 is not projective. Discarding it!
[31m[2023-11-25 13:24:44 WARNING][0m Sentence 305 is not projective. Discarding it!
[31m[2023-11-25 13:24:44 WARNING][0m Sentence 330 is not projective. Discarding it!
[32m[2023-11-25 13:24:47 INFO][0m dev:   Dataset(n_sentences=302, n_batches=32, n_buckets=32)
[32m[2023-11-25 13:24:47 INFO][0m test:  Dataset(n_sentences=373, n_batches=27, n_buckets=27)

[32m[2023-11-25 13:24:47 INFO][0m Epoch 1 / 10:
[32m[2023-11-25 13:25:10 INFO][0m lr: 4.9955e-05 - loss: 0.2663
[32m[2023-11-25 13:25:11 INFO][0m dev:  loss: 0.7833 - UCM: 38.74% LCM: 27.15% UAS: 83.04% LAS: 77.72%
[32m[2023-11-25 13:25:12 INFO][0m test: loss: 0.8322 - UCM: 48.53% LCM: 34.58% UAS: 85.97% LAS: 80.56%
[32m[2023-11-25 13:25:14 INFO][0m 0:00:25.261857s elapsed (saved)

[32m[2023-11-25 13:25:14 INFO][0m Epoch 2 / 10:
[32m[2023-11-25 13:25:37 INFO][0m lr: 4.4365e-05 - loss: 0.0840
[32m[2023-11-25 13:25:38 INFO][0m dev:  loss: 0.6013 - UCM: 45.70% LCM: 33.77% UAS: 86.79% LAS: 82.65%
[32m[2023-11-25 13:25:38 INFO][0m test: loss: 0.6250 - UCM: 56.57% LCM: 42.90% UAS: 88.73% LAS: 84.27%
[32m[2023-11-25 13:25:41 INFO][0m 0:00:24.037653s elapsed (saved)

[32m[2023-11-25 13:25:41 INFO][0m Epoch 3 / 10:
[32m[2023-11-25 13:26:03 INFO][0m lr: 3.8775e-05 - loss: 0.0768
[32m[2023-11-25 13:26:04 INFO][0m dev:  loss: 0.5573 - UCM: 48.68% LCM: 36.75% UAS: 87.87% LAS: 84.38%
[32m[2023-11-25 13:26:05 INFO][0m test: loss: 0.5729 - UCM: 58.18% LCM: 45.31% UAS: 89.48% LAS: 85.87%
[32m[2023-11-25 13:26:07 INFO][0m 0:00:24.055774s elapsed (saved)

[32m[2023-11-25 13:26:07 INFO][0m Epoch 4 / 10:
[32m[2023-11-25 13:26:30 INFO][0m lr: 3.3184e-05 - loss: 0.0606
[32m[2023-11-25 13:26:31 INFO][0m dev:  loss: 0.5159 - UCM: 50.66% LCM: 40.73% UAS: 88.91% LAS: 85.68%
[32m[2023-11-25 13:26:31 INFO][0m test: loss: 0.5360 - UCM: 58.71% LCM: 46.11% UAS: 90.04% LAS: 86.58%
[32m[2023-11-25 13:26:34 INFO][0m 0:00:23.886477s elapsed (saved)

[32m[2023-11-25 13:26:34 INFO][0m Epoch 5 / 10:
[32m[2023-11-25 13:26:56 INFO][0m lr: 2.7594e-05 - loss: 0.0485
[32m[2023-11-25 13:26:57 INFO][0m dev:  loss: 0.5381 - UCM: 50.33% LCM: 39.74% UAS: 88.78% LAS: 85.52%
[32m[2023-11-25 13:26:58 INFO][0m test: loss: 0.5327 - UCM: 61.13% LCM: 47.18% UAS: 90.33% LAS: 86.88%
[32m[2023-11-25 13:26:58 INFO][0m 0:00:24.087171s elapsed

[32m[2023-11-25 13:26:58 INFO][0m Epoch 6 / 10:
[32m[2023-11-25 13:27:20 INFO][0m lr: 2.2004e-05 - loss: 0.0597
[32m[2023-11-25 13:27:21 INFO][0m dev:  loss: 0.5641 - UCM: 51.66% LCM: 40.73% UAS: 89.04% LAS: 85.91%
[32m[2023-11-25 13:27:22 INFO][0m test: loss: 0.5570 - UCM: 60.32% LCM: 47.18% UAS: 90.10% LAS: 86.81%
[32m[2023-11-25 13:27:24 INFO][0m 0:00:24.057598s elapsed (saved)

[32m[2023-11-25 13:27:24 INFO][0m Epoch 7 / 10:
[32m[2023-11-25 13:27:47 INFO][0m lr: 1.6413e-05 - loss: 0.0520
[32m[2023-11-25 13:27:48 INFO][0m dev:  loss: 0.5507 - UCM: 52.98% LCM: 42.05% UAS: 89.50% LAS: 86.43%
[32m[2023-11-25 13:27:48 INFO][0m test: loss: 0.5525 - UCM: 60.86% LCM: 47.45% UAS: 90.36% LAS: 87.14%
[32m[2023-11-25 13:27:51 INFO][0m 0:00:24.032513s elapsed (saved)

[32m[2023-11-25 13:27:51 INFO][0m Epoch 8 / 10:
[32m[2023-11-25 13:28:13 INFO][0m lr: 1.0823e-05 - loss: 0.0553
[32m[2023-11-25 13:28:14 INFO][0m dev:  loss: 0.5704 - UCM: 52.65% LCM: 42.05% UAS: 89.53% LAS: 86.53%
[32m[2023-11-25 13:28:15 INFO][0m test: loss: 0.5690 - UCM: 61.66% LCM: 48.26% UAS: 90.62% LAS: 87.17%
[32m[2023-11-25 13:28:18 INFO][0m 0:00:23.992418s elapsed (saved)

[32m[2023-11-25 13:28:18 INFO][0m Epoch 9 / 10:
[32m[2023-11-25 13:28:40 INFO][0m lr: 5.2326e-06 - loss: 0.0365
[32m[2023-11-25 13:28:41 INFO][0m dev:  loss: 0.5791 - UCM: 53.97% LCM: 43.38% UAS: 89.60% LAS: 86.69%
[32m[2023-11-25 13:28:42 INFO][0m test: loss: 0.5778 - UCM: 60.59% LCM: 48.79% UAS: 90.43% LAS: 87.24%
[32m[2023-11-25 13:28:45 INFO][0m 0:00:23.952008s elapsed (saved)

[32m[2023-11-25 13:28:45 INFO][0m Epoch 10 / 10:
[32m[2023-11-25 13:29:07 INFO][0m lr: -3.5778e-07 - loss: 0.0574
[32m[2023-11-25 13:29:08 INFO][0m dev:  loss: 0.5886 - UCM: 54.30% LCM: 43.71% UAS: 89.76% LAS: 86.89%
[32m[2023-11-25 13:29:09 INFO][0m test: loss: 0.5855 - UCM: 60.86% LCM: 48.53% UAS: 90.36% LAS: 86.97%
[32m[2023-11-25 13:29:11 INFO][0m 0:00:24.004120s elapsed (saved)

[32m[2023-11-25 13:29:14 INFO][0m Epoch 10 saved
[32m[2023-11-25 13:29:14 INFO][0m dev:  loss: 0.5886 - UCM: 54.30% LCM: 43.71% UAS: 89.76% LAS: 86.89%
[32m[2023-11-25 13:29:15 INFO][0m test: loss: 0.5855 - UCM: 60.86% LCM: 48.53% UAS: 90.36% LAS: 86.97%
[32m[2023-11-25 13:29:15 INFO][0m 0:04:01.367589s elapsed, 0:00:24.136759s/epoch
