[2023-11-25 13:48:19 INFO] 
amp: false
bert_pooling: mean
binarize: false
buckets: 8
cache: false
clip: 5.0
data: data/Levantine/lev_test.conllx
device: '0'
dist: ddp
encoder_dropout: 0.1
epochs: 10
eps: 1.0e-08
fix_len: 20
lr: 5.0e-05
lr_rate: 10
min_freq: 2
mix_dropout: 0.0
mlp_dropout: 0.33
mode: evaluate
mu: 0.9
n_arc_mlp: 500
n_bert_layers: 4
n_rel_mlp: 100
nu: 0.999
partial: false
path: models/aligned_lev.model
proj: true
punct: false
seed: 1
threads: 16
tree: true
update_steps: 4
wandb: false
warmup: 0.1
weight_decay: 0
workers: 0

[2023-11-25 13:48:24 INFO] Loading the data
[2023-11-25 13:48:24 WARNING] Sentence 177 is not projective. Discarding it!
[2023-11-25 13:48:25 WARNING] Sentence 447 is not projective. Discarding it!
[2023-11-25 13:48:25 INFO] Caching the data to /tmpdata/tmp067gtegw/data.pt
[2023-11-25 13:48:25 WARNING] Sentence 177 is not projective. Discarding it!
[2023-11-25 13:48:25 WARNING] Sentence 447 is not projective. Discarding it!
[2023-11-25 13:48:26 INFO] 
Dataset(n_sentences=473, n_batches=8, n_buckets=8)
[2023-11-25 13:48:26 INFO] Evaluating the data
[2023-11-25 13:48:46 INFO] loss: 1.8230 - UCM: 45.24% LCM: 38.27% UAS: 65.53% LAS: 59.61%
[2023-11-25 13:48:46 INFO] 0:00:19.973066s elapsed, 197.82 Tokens/s, 23.68 Sents/s
