[2023-11-25 13:39:11 INFO] 
amp: false
bert_pooling: mean
binarize: false
buckets: 8
cache: false
clip: 5.0
data: data/Gulf/gumar_test.conllu
device: '0'
dist: ddp
encoder_dropout: 0.1
epochs: 10
eps: 1.0e-08
fix_len: 20
lr: 5.0e-05
lr_rate: 10
min_freq: 2
mix_dropout: 0.0
mlp_dropout: 0.33
mode: evaluate
mu: 0.9
n_arc_mlp: 500
n_bert_layers: 4
n_rel_mlp: 100
nu: 0.999
partial: false
path: models/gulf_aligned.model
proj: true
punct: false
seed: 1
threads: 16
tree: true
update_steps: 4
wandb: false
warmup: 0.1
weight_decay: 0
workers: 0

